2019-06-23 16:37:48,611 INFO No binary specified, looking for `pyre.bin` in PATH
2019-06-23 16:37:48,612 INFO Found: `/Users/fpierfed/dev/venvs/europython2019/bin/pyre.bin`
2019-06-23 16:37:48,612 INFO No typeshed specified, looking for it
2019-06-23 16:37:48,613 DEBUG Trying with: `/Users/fpierfed/dev/venvs/europython2019/lib/python3.8/site-packages/pyre_check/pyre_check/typeshed/`
2019-06-23 16:37:48,613 DEBUG Trying with: `/Users/fpierfed/dev/venvs/europython2019/lib/python3.8/site-packages/pyre_check/typeshed/`
2019-06-23 16:37:48,613 DEBUG Trying with: `/Users/fpierfed/dev/venvs/europython2019/lib/python3.8/pyre_check/typeshed/`
2019-06-23 16:37:48,613 DEBUG Trying with: `/Users/fpierfed/dev/venvs/europython2019/lib/pyre_check/typeshed/`
2019-06-23 16:37:48,613 INFO Found: `/Users/fpierfed/dev/venvs/europython2019/lib/pyre_check/typeshed/`
2019-06-23 16:37:48,615 WARNING Setting up a `.pyre_configuration` with `pyre init` may reduce overhead.

2019-06-23 16:37:48,616 DEBUG Running `/Users/fpierfed/dev/venvs/europython2019/bin/pyre.bin check -logging-sections parser -project-root /Users/fpierfed/dev/europython2019/basic -filter-directories /Users/fpierfed/dev/europython2019/basic -workers 1 -typeshed /Users/fpierfed/dev/venvs/europython2019/lib/pyre_check/typeshed/ /Users/fpierfed/dev/europython2019/basic`
2019-06-23 16:37:48,669 INFO Finding type stubs in `/Users/fpierfed/dev/europython2019/basic`...
2019-06-23 16:37:48,686 INFO Finding type stubs in `/Users/fpierfed/dev/venvs/europython2019/lib/pyre_check/typeshed/stdlib`...
2019-06-23 16:37:48,711 INFO Finding type stubs in `/Users/fpierfed/dev/venvs/europython2019/lib/pyre_check/typeshed/third_party`...
2019-06-23 16:37:48,813 INFO Parsing 802 stubs and external sources...
2019-06-23 16:37:50,235 PERFORMANCE Stubs parsed: 1.524000s
2019-06-23 16:37:50,262 INFO Parsing 2 sources in `/Users/fpierfed/dev/europython2019/basic`...
2019-06-23 16:37:50,288 PERFORMANCE Sources parsed: 0.026000s
2019-06-23 16:37:50,288 PERFORMANCE Registered ignores: 0.025000s
2019-06-23 16:37:50,289 INFO Adding environment information to shared memory...
2019-06-23 16:37:50,289 PERFORMANCE Added environment to shared memory: 0.000000s
2019-06-23 16:37:50,393 INFO Building type environment...
2019-06-23 16:37:52,666 PERFORMANCE Full environment built: 2.377000s
2019-06-23 16:37:52,762 MEMORY Shared memory size (size: 14)
2019-06-23 16:37:52,762 PERFORMANCE Filtered directories: 0.096000s
2019-06-23 16:37:52,763 INFO Checking 2 sources...
2019-06-23 16:37:52,818 INFO Running check `TypeCheck`...
2019-06-23 16:37:52,818 INFO Processed 2 of 2 sources
2019-06-23 16:37:52,819 PERFORMANCE Check_TypeCheck: 0.055000s
2019-06-23 16:37:52,846 PERFORMANCE Analyzed sources: 0.055000s
2019-06-23 16:37:52,857 PERFORMANCE Postprocessed: 0.027000s
2019-06-23 16:37:52,866 PERFORMANCE Check: 4.213000s
2019-06-23 16:37:52,866 SUCCESS No type errors found

2019-06-23 16:38:30,631 INFO No binary specified, looking for `pyre.bin` in PATH
2019-06-23 16:38:30,632 INFO Found: `/Users/fpierfed/dev/venvs/europython2019/bin/pyre.bin`
2019-06-23 16:38:30,632 INFO No typeshed specified, looking for it
2019-06-23 16:38:30,632 DEBUG Trying with: `/Users/fpierfed/dev/venvs/europython2019/lib/python3.8/site-packages/pyre_check/pyre_check/typeshed/`
2019-06-23 16:38:30,633 DEBUG Trying with: `/Users/fpierfed/dev/venvs/europython2019/lib/python3.8/site-packages/pyre_check/typeshed/`
2019-06-23 16:38:30,633 DEBUG Trying with: `/Users/fpierfed/dev/venvs/europython2019/lib/python3.8/pyre_check/typeshed/`
2019-06-23 16:38:30,633 DEBUG Trying with: `/Users/fpierfed/dev/venvs/europython2019/lib/pyre_check/typeshed/`
2019-06-23 16:38:30,633 INFO Found: `/Users/fpierfed/dev/venvs/europython2019/lib/pyre_check/typeshed/`
2019-06-23 16:38:30,633 WARNING Setting up a `.pyre_configuration` with `pyre init` may reduce overhead.

2019-06-23 16:38:30,634 DEBUG Running `/Users/fpierfed/dev/venvs/europython2019/bin/pyre.bin check -logging-sections parser -project-root /Users/fpierfed/dev/europython2019/basic -filter-directories /Users/fpierfed/dev/europython2019/basic -workers 1 -typeshed /Users/fpierfed/dev/venvs/europython2019/lib/pyre_check/typeshed/ /Users/fpierfed/dev/europython2019/basic`
2019-06-23 16:38:30,681 INFO Finding type stubs in `/Users/fpierfed/dev/europython2019/basic`...
2019-06-23 16:38:30,689 INFO Finding type stubs in `/Users/fpierfed/dev/venvs/europython2019/lib/pyre_check/typeshed/stdlib`...
2019-06-23 16:38:30,706 INFO Finding type stubs in `/Users/fpierfed/dev/venvs/europython2019/lib/pyre_check/typeshed/third_party`...
2019-06-23 16:38:30,807 INFO Parsing 802 stubs and external sources...
2019-06-23 16:38:31,785 PERFORMANCE Stubs parsed: 1.079000s
2019-06-23 16:38:31,812 INFO Parsing 2 sources in `/Users/fpierfed/dev/europython2019/basic`...
2019-06-23 16:38:31,844 PERFORMANCE Sources parsed: 0.026000s
2019-06-23 16:38:31,845 PERFORMANCE Registered ignores: 0.032000s
2019-06-23 16:38:31,845 INFO Adding environment information to shared memory...
2019-06-23 16:38:31,846 PERFORMANCE Added environment to shared memory: 0.000000s
2019-06-23 16:38:31,950 INFO Building type environment...
2019-06-23 16:38:34,278 PERFORMANCE Full environment built: 2.433000s
2019-06-23 16:38:34,372 MEMORY Shared memory size (size: 14)
2019-06-23 16:38:34,373 PERFORMANCE Filtered directories: 0.093000s
2019-06-23 16:38:34,373 INFO Checking 2 sources...
2019-06-23 16:38:34,428 INFO Running check `TypeCheck`...
2019-06-23 16:38:34,429 INFO Processed 2 of 2 sources
2019-06-23 16:38:34,429 PERFORMANCE Check_TypeCheck: 0.055000s
2019-06-23 16:38:34,455 PERFORMANCE Analyzed sources: 0.055000s
2019-06-23 16:38:34,467 PERFORMANCE Postprocessed: 0.026000s
2019-06-23 16:38:34,476 PERFORMANCE Check: 3.804000s
2019-06-23 16:38:34,476 SUCCESS No type errors found

